<?xml version="1.0" encoding="UTF-8"?>
<!-- Generated by org.testng.reporters.JUnitReportReporter -->
<testsuite hostname="A2ML16803" name="com.mindtree.AppTest" tests="1" failures="0" timestamp="22 Nov 2018 17:26:49 GMT" time="0.017" errors="0">
  <testcase name="Test1" time="0.017" classname="com.mindtree.AppTest"/>
</testsuite> <!-- com.mindtree.AppTest -->
