<?xml version="1.0" encoding="UTF-8"?>
<!-- Generated by org.testng.reporters.JUnitReportReporter -->
<testsuite hostname="A2ML16803" name="com.mindtree.AppTest" tests="1" failures="0" timestamp="19 Nov 2018 17:25:06 GMT" time="0.025" errors="0">
  <testcase name="Test1" time="0.025" classname="com.mindtree.AppTest"/>
</testsuite> <!-- com.mindtree.AppTest -->
